C:\USERS\SIMON\DOCUMENTS\VISUAL STUDIO 2013\PROJECTS\CUBEWORLDLOREMOD\CUBEWORLDLOREMOD\DEBUG\CUBEWORLDLOREMOD.PCH
C:\USERS\SIMON\DOCUMENTS\VISUAL STUDIO 2013\PROJECTS\CUBEWORLDLOREMOD\CUBEWORLDLOREMOD\DEBUG\VC120.PDB
C:\USERS\SIMON\DOCUMENTS\VISUAL STUDIO 2013\PROJECTS\CUBEWORLDLOREMOD\CUBEWORLDLOREMOD\DEBUG\VC120.IDB
C:\USERS\SIMON\DOCUMENTS\VISUAL STUDIO 2013\PROJECTS\CUBEWORLDLOREMOD\CUBEWORLDLOREMOD\DEBUG\STDAFX.OBJ
C:\USERS\SIMON\DOCUMENTS\VISUAL STUDIO 2013\PROJECTS\CUBEWORLDLOREMOD\CUBEWORLDLOREMOD\DEBUG\TINYXML2.OBJ
C:\USERS\SIMON\DOCUMENTS\VISUAL STUDIO 2013\PROJECTS\CUBEWORLDLOREMOD\CUBEWORLDLOREMOD\DEBUG\CUBEWORLDLOREMOD.OBJ
C:\USERS\SIMON\DOCUMENTS\VISUAL STUDIO 2013\PROJECTS\CUBEWORLDLOREMOD\CUBEWORLDLOREMOD\DEBUG\XMLTEST.OBJ
C:\PROGRAM FILES (X86)\CUBE WORLD\CUBEWORLDLOREMOD.ILK
C:\PROGRAM FILES (X86)\CUBE WORLD\CUBEWORLDLOREMOD.DLL
C:\PROGRAM FILES (X86)\CUBE WORLD\CUBEWORLDLOREMOD.PDB
C:\USERS\SIMON\DOCUMENTS\VISUAL STUDIO 2013\PROJECTS\CUBEWORLDLOREMOD\CUBEWORLDLOREMOD\DEBUG\CUBEWORLDLOREMOD.RES
C:\Users\Simon\documents\visual studio 2013\Projects\CubeWorldLoreMod\CubeWorldLoreMod\Debug\stdafx.obj
C:\Users\Simon\documents\visual studio 2013\Projects\CubeWorldLoreMod\CubeWorldLoreMod\Debug\tinyxml2.obj
C:\Users\Simon\documents\visual studio 2013\Projects\CubeWorldLoreMod\CubeWorldLoreMod\Debug\xmltest.obj
C:\Users\Simon\documents\visual studio 2013\Projects\CubeWorldLoreMod\CubeWorldLoreMod\Debug\CubeWorldLoreMod.res
C:\Users\Simon\documents\visual studio 2013\Projects\CubeWorldLoreMod\CubeWorldLoreMod\Debug\CubeWorldLoreMod.pch
C:\Users\Simon\documents\visual studio 2013\Projects\CubeWorldLoreMod\CubeWorldLoreMod\Debug\vc120.idb
C:\Users\Simon\documents\visual studio 2013\Projects\CubeWorldLoreMod\CubeWorldLoreMod\Debug\vc120.pdb
C:\Program Files (x86)\Cube World\CubeWorldLoreMod.pdb
C:\Program Files (x86)\Cube World\CubeWorldLoreMod.dll
C:\Program Files (x86)\Cube World\CubeWorldLoreMod.ilk
C:\Users\Simon\documents\visual studio 2013\Projects\CubeWorldLoreMod\CubeWorldLoreMod\Debug\CubeWorldLoreMod.tlog\cl.command.1.tlog
C:\Users\Simon\documents\visual studio 2013\Projects\CubeWorldLoreMod\CubeWorldLoreMod\Debug\CubeWorldLoreMod.tlog\CL.read.1.tlog
C:\Users\Simon\documents\visual studio 2013\Projects\CubeWorldLoreMod\CubeWorldLoreMod\Debug\CubeWorldLoreMod.tlog\CL.write.1.tlog
C:\Users\Simon\documents\visual studio 2013\Projects\CubeWorldLoreMod\CubeWorldLoreMod\Debug\CubeWorldLoreMod.tlog\link.command.1.tlog
C:\Users\Simon\documents\visual studio 2013\Projects\CubeWorldLoreMod\CubeWorldLoreMod\Debug\CubeWorldLoreMod.tlog\link.read.1.tlog
C:\Users\Simon\documents\visual studio 2013\Projects\CubeWorldLoreMod\CubeWorldLoreMod\Debug\CubeWorldLoreMod.tlog\link.write.1.tlog
C:\Users\Simon\documents\visual studio 2013\Projects\CubeWorldLoreMod\CubeWorldLoreMod\Debug\CubeWorldLoreMod.tlog\rc.command.1.tlog
C:\Users\Simon\documents\visual studio 2013\Projects\CubeWorldLoreMod\CubeWorldLoreMod\Debug\CubeWorldLoreMod.tlog\rc.read.1.tlog
C:\Users\Simon\documents\visual studio 2013\Projects\CubeWorldLoreMod\CubeWorldLoreMod\Debug\CubeWorldLoreMod.tlog\rc.write.1.tlog
